<?xml version="1.0" encoding="UTF-8"?>
<testsuite xmlns:xsi="http://www.w3.org/2001/XMLSchema-instance" xsi:noNamespaceSchemaLocation="https://maven.apache.org/surefire/maven-surefire-plugin/xsd/surefire-test-report-3.0.xsd" version="3.0" name="com.programmingtechie.productservice.ProductServiceApplicationTests" time="10.397" tests="1" errors="0" skipped="0" failures="0">
  <properties>
[...]
</properties>
  <testcase name="shouldCreateProduct" classname="com.programmingtechie.productservice.ProductServiceApplicationTests" time="1.337">
    <system-out><![CDATA[14:45:16.652 [main] INFO org.springframework.test.context.support.AnnotationConfigContextLoaderUtils -- Could not detect default configuration classes for test class [com.programmingtechie.productservice.ProductServiceApplicationTests]: ProductServiceApplicationTests does not declare any static, non-private, non-final, nested classes annotated with @Configuration.
14:45:16.820 [main] INFO org.springframework.boot.test.context.SpringBootTestContextBootstrapper -- Found @SpringBootConfiguration com.programmingtechie.productservice.ProductServiceApplication for test class com.programmingtechie.productservice.ProductServiceApplicationTests
14:45:17.015 [main] INFO org.testcontainers.images.PullPolicy -- Image pull policy will be performed by: DefaultPullPolicy()
14:45:17.021 [main] INFO org.testcontainers.utility.ImageNameSubstitutor -- Image name substitution will be performed by: DefaultImageNameSubstitutor (composite of 'ConfigurationFileImageNameSubstitutor' and 'PrefixingImageNameSubstitutor')
14:45:17.369 [main] INFO org.testcontainers.dockerclient.DockerClientProviderStrategy -- Loaded org.testcontainers.dockerclient.NpipeSocketClientProviderStrategy from ~/.testcontainers.properties, will try it first
14:45:17.807 [main] WARN org.testcontainers.dockerclient.DockerClientProviderStrategy -- DOCKER_HOST tcp://0.0.0.0:2375 is not listening
14:45:18.277 [main] INFO org.testcontainers.dockerclient.DockerClientProviderStrategy -- Found Docker environment with local Npipe socket (npipe:////./pipe/docker_engine)
14:45:18.279 [main] INFO org.testcontainers.DockerClientFactory -- Docker host IP address is localhost
14:45:18.307 [main] INFO org.testcontainers.DockerClientFactory -- Connected to docker: 
  Server Version: 20.10.21
  API Version: 1.41
  Operating System: Docker Desktop
  Total Memory: 7863 MB
14:45:18.344 [main] INFO tc.testcontainers/ryuk:0.6.0 -- Creating container for image: testcontainers/ryuk:0.6.0
14:45:18.626 [main] INFO org.testcontainers.utility.RegistryAuthLocator -- Credential helper/store (docker-credential-desktop) does not have credentials for https://index.docker.io/v1/
14:45:18.836 [main] INFO tc.testcontainers/ryuk:0.6.0 -- Container testcontainers/ryuk:0.6.0 is starting: a06651b5caf6fa426070c70ca02d07a519991cc10a9ae21d31b577ceb2572be2
14:45:19.559 [main] INFO tc.testcontainers/ryuk:0.6.0 -- Container testcontainers/ryuk:0.6.0 started in PT1.2142306S
14:45:19.569 [main] INFO org.testcontainers.utility.RyukResourceReaper -- Ryuk started - will monitor and terminate Testcontainers containers on JVM exit
14:45:19.569 [main] INFO org.testcontainers.DockerClientFactory -- Checking the system...
14:45:19.571 [main] INFO org.testcontainers.DockerClientFactory -- ✔︎ Docker server version should be at least 1.6.0
14:45:19.572 [main] INFO tc.mongo:4.4.2 -- Creating container for image: mongo:4.4.2
14:45:19.654 [main] INFO tc.mongo:4.4.2 -- Container mongo:4.4.2 is starting: 1bb27a056298d8223709e95f47ef361113fb0d374ef92f94e9dcbc8f456b8adc
14:45:21.328 [main] INFO tc.mongo:4.4.2 -- Container mongo:4.4.2 started in PT1.7563897S

  .   ____          _            __ _ _
 /\\ / ___'_ __ _ _(_)_ __  __ _ \ \ \ \
( ( )\___ | '_ | '_| | '_ \/ _` | \ \ \ \
 \\/  ___)| |_)| | | | | || (_| |  ) ) ) )
  '  |____| .__|_| |_|_| |_\__, | / / / /
 =========|_|==============|___/=/_/_/_/
 :: Spring Boot ::                (v3.1.9)

2024-03-14T14:45:22.352+07:00  INFO 2024 --- [           main] c.p.p.ProductServiceApplicationTests     : Starting ProductServiceApplicationTests using Java 18.0.1.1 with PID 2024 (started by Acer in D:\Fork\Micro_Service\microservices-new\product-service)
2024-03-14T14:45:22.355+07:00  INFO 2024 --- [           main] c.p.p.ProductServiceApplicationTests     : No active profile set, falling back to 1 default profile: "default"
2024-03-14T14:45:23.108+07:00  INFO 2024 --- [           main] .s.d.r.c.RepositoryConfigurationDelegate : Bootstrapping Spring Data MongoDB repositories in DEFAULT mode.
2024-03-14T14:45:23.186+07:00  INFO 2024 --- [           main] .s.d.r.c.RepositoryConfigurationDelegate : Finished Spring Data repository scanning in 65 ms. Found 1 MongoDB repository interface.
2024-03-14T14:45:23.958+07:00  INFO 2024 --- [           main] org.mongodb.driver.client                : MongoClient with metadata {"driver": {"name": "mongo-java-driver|sync|spring-boot", "version": "4.9.1"}, "os": {"type": "Windows", "name": "Windows 11", "architecture": "amd64", "version": "10.0"}, "platform": "Java/Oracle Corporation/18.0.1.1+2-6"} created with settings MongoClientSettings{readPreference=primary, writeConcern=WriteConcern{w=null, wTimeout=null ms, journal=null}, retryWrites=true, retryReads=true, readConcern=ReadConcern{level=null}, credential=null, streamFactoryFactory=null, commandListeners=[], codecRegistry=ProvidersCodecRegistry{codecProviders=[ValueCodecProvider{}, BsonValueCodecProvider{}, DBRefCodecProvider{}, DBObjectCodecProvider{}, DocumentCodecProvider{}, CollectionCodecProvider{}, IterableCodecProvider{}, MapCodecProvider{}, GeoJsonCodecProvider{}, GridFSFileCodecProvider{}, Jsr310CodecProvider{}, JsonObjectCodecProvider{}, BsonCodecProvider{}, EnumCodecProvider{}, com.mongodb.client.model.mql.ExpressionCodecProvider@554566a8, com.mongodb.Jep395RecordCodecProvider@66020d69]}, loggerSettings=LoggerSettings{maxDocumentLength=1000}, clusterSettings={hosts=[localhost:52286], srvServiceName=mongodb, mode=SINGLE, requiredClusterType=UNKNOWN, requiredReplicaSetName='null', serverSelector='null', clusterListeners='[]', serverSelectionTimeout='30000 ms', localThreshold='30000 ms'}, socketSettings=SocketSettings{connectTimeoutMS=10000, readTimeoutMS=0, receiveBufferSize=0, sendBufferSize=0}, heartbeatSocketSettings=SocketSettings{connectTimeoutMS=10000, readTimeoutMS=10000, receiveBufferSize=0, sendBufferSize=0}, connectionPoolSettings=ConnectionPoolSettings{maxSize=100, minSize=0, maxWaitTimeMS=120000, maxConnectionLifeTimeMS=0, maxConnectionIdleTimeMS=0, maintenanceInitialDelayMS=0, maintenanceFrequencyMS=60000, connectionPoolListeners=[], maxConnecting=2}, serverSettings=ServerSettings{heartbeatFrequencyMS=10000, minHeartbeatFrequencyMS=500, serverListeners='[]', serverMonitorListeners='[]'}, sslSettings=SslSettings{enabled=false, invalidHostNameAllowed=false, context=null}, applicationName='null', compressorList=[], uuidRepresentation=JAVA_LEGACY, serverApi=null, autoEncryptionSettings=null, contextProvider=null}
2024-03-14T14:45:23.991+07:00  INFO 2024 --- [localhost:52286] org.mongodb.driver.cluster               : Monitor thread successfully connected to server with description ServerDescription{address=localhost:52286, type=REPLICA_SET_PRIMARY, state=CONNECTED, ok=true, minWireVersion=0, maxWireVersion=9, maxDocumentSize=16777216, logicalSessionTimeoutMinutes=30, roundTripTimeNanos=64472000, setName='docker-rs', canonicalAddress=1bb27a056298:27017, hosts=[1bb27a056298:27017], passives=[], arbiters=[], primary='1bb27a056298:27017', tagSet=TagSet{[]}, electionId=7fffffff0000000000000001, setVersion=1, topologyVersion=TopologyVersion{processId=65f2ab10fa4e1d622d2d3f72, counter=6}, lastWriteDate=Thu Mar 14 14:45:21 ICT 2024, lastUpdateTimeNanos=325301431055600}
2024-03-14T14:45:24.980+07:00  INFO 2024 --- [           main] o.s.b.t.m.w.SpringBootMockServletContext : Initializing Spring TestDispatcherServlet ''
2024-03-14T14:45:24.980+07:00  INFO 2024 --- [           main] o.s.t.web.servlet.TestDispatcherServlet  : Initializing Servlet ''
2024-03-14T14:45:24.983+07:00  INFO 2024 --- [           main] o.s.t.web.servlet.TestDispatcherServlet  : Completed initialization in 1 ms
2024-03-14T14:45:25.011+07:00  INFO 2024 --- [           main] c.p.p.ProductServiceApplicationTests     : Started ProductServiceApplicationTests in 3.024 seconds (process running for 9.326)
2024-03-14T14:45:26.273+07:00  INFO 2024 --- [           main] c.p.p.service.ProductService             : Product 65f2ab163aab593ed7405923 is saved
]]></system-out>
  </testcase>
</testsuite>